<?xml version="1.0" encoding="UTF-8"?>
<coverage generated="1736434325490" clover="3.2.0">
  <project timestamp="1736434325490" name="All files">
    <metrics statements="26" coveredstatements="23" conditionals="22" coveredconditionals="20" methods="3" coveredmethods="3" elements="51" coveredelements="46" complexity="0" loc="26" ncloc="26" packages="2" files="2" classes="2"/>
    <package name="controllers">
      <metrics statements="16" coveredstatements="14" conditionals="14" coveredconditionals="13" methods="2" coveredmethods="2"/>
      <file name="renaperController.js" path="/home/cristianchiera/git/BMb/backbm/src/controllers/renaperController.js">
        <metrics statements="16" coveredstatements="14" conditionals="14" coveredconditionals="13" methods="2" coveredmethods="2"/>
        <line num="1" count="1" type="stmt"/>
        <line num="3" count="1" type="stmt"/>
        <line num="4" count="4" type="stmt"/>
        <line num="5" count="4" type="stmt"/>
        <line num="8" count="4" type="stmt"/>
        <line num="14" count="4" type="stmt"/>
        <line num="15" count="5" type="cond" truecount="3" falsecount="1"/>
        <line num="21" count="4" type="cond" truecount="2" falsecount="0"/>
        <line num="22" count="1" type="stmt"/>
        <line num="30" count="3" type="cond" truecount="4" falsecount="0"/>
        <line num="31" count="1" type="stmt"/>
        <line num="37" count="2" type="cond" truecount="4" falsecount="0"/>
        <line num="38" count="1" type="stmt"/>
        <line num="45" count="1" type="stmt"/>
        <line num="50" count="0" type="stmt"/>
        <line num="51" count="0" type="stmt"/>
      </file>
    </package>
    <package name="middlewares">
      <metrics statements="10" coveredstatements="9" conditionals="8" coveredconditionals="7" methods="1" coveredmethods="1"/>
      <file name="renaperMiddleware.js" path="/home/cristianchiera/git/BMb/backbm/src/middlewares/renaperMiddleware.js">
        <metrics statements="10" coveredstatements="9" conditionals="8" coveredconditionals="7" methods="1" coveredmethods="1"/>
        <line num="1" count="1" type="stmt"/>
        <line num="2" count="3" type="stmt"/>
        <line num="5" count="3" type="cond" truecount="2" falsecount="0"/>
        <line num="6" count="1" type="stmt"/>
        <line num="13" count="2" type="cond" truecount="1" falsecount="1"/>
        <line num="14" count="0" type="stmt"/>
        <line num="21" count="2" type="cond" truecount="4" falsecount="0"/>
        <line num="22" count="1" type="stmt"/>
        <line num="28" count="1" type="stmt"/>
        <line num="31" count="1" type="stmt"/>
      </file>
    </package>
  </project>
</coverage>
