{"/home/cristianchiera/git/BMb/backbm/src/controllers/renaperController.js": {"path":"/home/cristianchiera/git/BMb/backbm/src/controllers/renaperController.js","statementMap":{"0":{"start":{"line":1,"column":14},"end":{"line":1,"column":30}},"1":{"start":{"line":3,"column":0},"end":{"line":57,"column":2}},"2":{"start":{"line":4,"column":4},"end":{"line":56,"column":5}},"3":{"start":{"line":5,"column":23},"end":{"line":5,"column":40}},"4":{"start":{"line":8,"column":39},"end":{"line":11,"column":10}},"5":{"start":{"line":14,"column":29},"end":{"line":19,"column":9}},"6":{"start":{"line":15,"column":12},"end":{"line":18,"column":60}},"7":{"start":{"line":21,"column":8},"end":{"line":27,"column":9}},"8":{"start":{"line":22,"column":12},"end":{"line":26,"column":15}},"9":{"start":{"line":30,"column":8},"end":{"line":35,"column":9}},"10":{"start":{"line":31,"column":12},"end":{"line":34,"column":15}},"11":{"start":{"line":37,"column":8},"end":{"line":42,"column":9}},"12":{"start":{"line":38,"column":12},"end":{"line":41,"column":15}},"13":{"start":{"line":45,"column":8},"end":{"line":48,"column":11}},"14":{"start":{"line":50,"column":8},"end":{"line":50,"column":29}},"15":{"start":{"line":51,"column":8},"end":{"line":55,"column":11}}},"fnMap":{"0":{"name":"(anonymous_0)","decl":{"start":{"line":3,"column":18},"end":{"line":3,"column":19}},"loc":{"start":{"line":3,"column":38},"end":{"line":57,"column":1}},"line":3},"1":{"name":"(anonymous_1)","decl":{"start":{"line":14,"column":58},"end":{"line":14,"column":59}},"loc":{"start":{"line":15,"column":12},"end":{"line":18,"column":60}},"line":15}},"branchMap":{"0":{"loc":{"start":{"line":15,"column":12},"end":{"line":18,"column":60}},"type":"binary-expr","locations":[{"start":{"line":15,"column":12},"end":{"line":15,"column":42}},{"start":{"line":16,"column":12},"end":{"line":16,"column":27}},{"start":{"line":17,"column":13},"end":{"line":17,"column":52}},{"start":{"line":18,"column":16},"end":{"line":18,"column":59}}],"line":15},"1":{"loc":{"start":{"line":21,"column":8},"end":{"line":27,"column":9}},"type":"if","locations":[{"start":{"line":21,"column":8},"end":{"line":27,"column":9}},{"start":{},"end":{}}],"line":21},"2":{"loc":{"start":{"line":30,"column":8},"end":{"line":35,"column":9}},"type":"if","locations":[{"start":{"line":30,"column":8},"end":{"line":35,"column":9}},{"start":{},"end":{}}],"line":30},"3":{"loc":{"start":{"line":30,"column":12},"end":{"line":30,"column":68}},"type":"binary-expr","locations":[{"start":{"line":30,"column":12},"end":{"line":30,"column":44}},{"start":{"line":30,"column":48},"end":{"line":30,"column":68}}],"line":30},"4":{"loc":{"start":{"line":37,"column":8},"end":{"line":42,"column":9}},"type":"if","locations":[{"start":{"line":37,"column":8},"end":{"line":42,"column":9}},{"start":{},"end":{}}],"line":37},"5":{"loc":{"start":{"line":37,"column":12},"end":{"line":37,"column":68}},"type":"binary-expr","locations":[{"start":{"line":37,"column":12},"end":{"line":37,"column":44}},{"start":{"line":37,"column":48},"end":{"line":37,"column":68}}],"line":37}},"s":{"0":1,"1":1,"2":4,"3":4,"4":4,"5":4,"6":5,"7":4,"8":1,"9":3,"10":1,"11":2,"12":1,"13":1,"14":0,"15":0},"f":{"0":4,"1":5},"b":{"0":[5,3,2,0],"1":[1,3],"2":[1,2],"3":[3,2],"4":[1,1],"5":[2,2]},"_coverageSchema":"1a1c01bbd47fc00a2c39e90264f33305004495a9","hash":"ccdddd6c921fe2150d89f77ad807d76854127643"}
,"/home/cristianchiera/git/BMb/backbm/src/middlewares/renaperMiddleware.js": {"path":"/home/cristianchiera/git/BMb/backbm/src/middlewares/renaperMiddleware.js","statementMap":{"0":{"start":{"line":1,"column":31},"end":{"line":29,"column":1}},"1":{"start":{"line":2,"column":19},"end":{"line":2,"column":46}},"2":{"start":{"line":5,"column":4},"end":{"line":10,"column":5}},"3":{"start":{"line":6,"column":8},"end":{"line":9,"column":11}},"4":{"start":{"line":13,"column":4},"end":{"line":18,"column":5}},"5":{"start":{"line":14,"column":8},"end":{"line":17,"column":11}},"6":{"start":{"line":21,"column":4},"end":{"line":26,"column":5}},"7":{"start":{"line":22,"column":8},"end":{"line":25,"column":11}},"8":{"start":{"line":28,"column":4},"end":{"line":28,"column":11}},"9":{"start":{"line":31,"column":0},"end":{"line":31,"column":40}}},"fnMap":{"0":{"name":"(anonymous_0)","decl":{"start":{"line":1,"column":31},"end":{"line":1,"column":32}},"loc":{"start":{"line":1,"column":51},"end":{"line":29,"column":1}},"line":1}},"branchMap":{"0":{"loc":{"start":{"line":5,"column":4},"end":{"line":10,"column":5}},"type":"if","locations":[{"start":{"line":5,"column":4},"end":{"line":10,"column":5}},{"start":{},"end":{}}],"line":5},"1":{"loc":{"start":{"line":13,"column":4},"end":{"line":18,"column":5}},"type":"if","locations":[{"start":{"line":13,"column":4},"end":{"line":18,"column":5}},{"start":{},"end":{}}],"line":13},"2":{"loc":{"start":{"line":21,"column":4},"end":{"line":26,"column":5}},"type":"if","locations":[{"start":{"line":21,"column":4},"end":{"line":26,"column":5}},{"start":{},"end":{}}],"line":21},"3":{"loc":{"start":{"line":21,"column":8},"end":{"line":21,"column":45}},"type":"binary-expr","locations":[{"start":{"line":21,"column":8},"end":{"line":21,"column":24}},{"start":{"line":21,"column":28},"end":{"line":21,"column":45}}],"line":21}},"s":{"0":1,"1":3,"2":3,"3":1,"4":2,"5":0,"6":2,"7":1,"8":1,"9":1},"f":{"0":3},"b":{"0":[1,2],"1":[0,2],"2":[1,1],"3":[2,1]},"_coverageSchema":"1a1c01bbd47fc00a2c39e90264f33305004495a9","hash":"5bc8ceb07f1c3487cf771a39a8d1f57faa9f10cf"}
}
