TN:
SF:src/controllers/renaperController.js
FN:3,(anonymous_0)
FN:14,(anonymous_1)
FNF:2
FNH:2
FNDA:4,(anonymous_0)
FNDA:5,(anonymous_1)
DA:1,1
DA:3,1
DA:4,4
DA:5,4
DA:8,4
DA:14,4
DA:15,5
DA:21,4
DA:22,1
DA:30,3
DA:31,1
DA:37,2
DA:38,1
DA:45,1
DA:50,0
DA:51,0
LF:16
LH:14
BRDA:15,0,0,5
BRDA:15,0,1,3
BRDA:15,0,2,2
BRDA:15,0,3,0
BRDA:21,1,0,1
BRDA:21,1,1,3
BRDA:30,2,0,1
BRDA:30,2,1,2
BRDA:30,3,0,3
BRDA:30,3,1,2
BRDA:37,4,0,1
BRDA:37,4,1,1
BRDA:37,5,0,2
BRDA:37,5,1,2
BRF:14
BRH:13
end_of_record
TN:
SF:src/middlewares/renaperMiddleware.js
FN:1,(anonymous_0)
FNF:1
FNH:1
FNDA:3,(anonymous_0)
DA:1,1
DA:2,3
DA:5,3
DA:6,1
DA:13,2
DA:14,0
DA:21,2
DA:22,1
DA:28,1
DA:31,1
LF:10
LH:9
BRDA:5,0,0,1
BRDA:5,0,1,2
BRDA:13,1,0,0
BRDA:13,1,1,2
BRDA:21,2,0,1
BRDA:21,2,1,1
BRDA:21,3,0,2
BRDA:21,3,1,1
BRF:8
BRH:7
end_of_record
